Using pre-set license
Built from '2020.3/staging' branch; Version is '2020.3.13f1 (71691879b7f5) revision 7432472'; Using compiler version '192528614'; Build Type 'Release'
OS: 'Windows 10 Pro; OS build 19043.1110; Version 2009; 64bit' Language: 'en' Physical Memory: 16304 MB
BatchMode: 1, IsHumanControllingUs: 0, StartBugReporterOnCrash: 0, Is64bit: 1, IsPro: 0

 COMMAND LINE ARGUMENTS:
C:\Program Files\Unity\Hub\Editor\2020.3.13f1\Editor\Unity.exe
-adb2
-batchMode
-noUpm
-name
AssetImportWorker0
-projectPath
C:/Users/Aorus/source/repos/APDEV-Machine-Project/APDEV MP - Fisticuffs/Fisticuffs
-logFile
Logs/AssetImportWorker0.log
-srvPort
62698
Successfully changed project path to: C:/Users/Aorus/source/repos/APDEV-Machine-Project/APDEV MP - Fisticuffs/Fisticuffs
C:/Users/Aorus/source/repos/APDEV-Machine-Project/APDEV MP - Fisticuffs/Fisticuffs
Using Asset Import Pipeline V2.
Refreshing native plugins compatible for Editor in 21.95 ms, found 2 plugins.
Preloading 0 native plugins for Editor in 0.00 ms.
Initialize engine version: 2020.3.13f1 (71691879b7f5)
[Subsystems] Discovering subsystems at path C:/Program Files/Unity/Hub/Editor/2020.3.13f1/Editor/Data/Resources/UnitySubsystems
[Subsystems] Discovering subsystems at path C:/Users/Aorus/source/repos/APDEV-Machine-Project/APDEV MP - Fisticuffs/Fisticuffs/Assets
GfxDevice: creating device client; threaded=0
Direct3D:
    Version:  Direct3D 11.0 [level 11.1]
    Renderer: NVIDIA GeForce GTX 1660 SUPER (ID=0x21c4)
    Vendor:   
    VRAM:     5991 MB
    Driver:   30.0.14.7141
Initialize mono
Mono path[0] = 'C:/Program Files/Unity/Hub/Editor/2020.3.13f1/Editor/Data/Managed'
Mono path[1] = 'C:/Program Files/Unity/Hub/Editor/2020.3.13f1/Editor/Data/MonoBleedingEdge/lib/mono/unityjit'
Mono config path = 'C:/Program Files/Unity/Hub/Editor/2020.3.13f1/Editor/Data/MonoBleedingEdge/etc'
Using monoOptions --debugger-agent=transport=dt_socket,embedding=1,server=y,suspend=n,address=127.0.0.1:56912
Begin MonoManager ReloadAssembly
Registering precompiled unity dll's ...
Register platform support module: C:/Program Files/Unity/Hub/Editor/2020.3.13f1/Editor/Data/PlaybackEngines/WindowsStandaloneSupport/UnityEditor.WindowsStandalone.Extensions.dll
Registered in 0.001610 seconds.
Native extension for WindowsStandalone target not found
Refreshing native plugins compatible for Editor in 22.09 ms, found 2 plugins.
Preloading 0 native plugins for Editor in 0.00 ms.
Mono: successfully reloaded assembly
- Completed reload, in  1.335 seconds
Platform modules already initialized, skipping
Registering precompiled user dll's ...
Registered in 0.003105 seconds.
Begin MonoManager ReloadAssembly
Native extension for WindowsStandalone target not found
Refreshing native plugins compatible for Editor in 0.26 ms, found 2 plugins.
Preloading 0 native plugins for Editor in 0.00 ms.
Mono: successfully reloaded assembly
- Completed reload, in  0.766 seconds
Platform modules already initialized, skipping
========================================================================
Worker process is ready to serve import requests
Launched and connected shader compiler UnityShaderCompiler.exe after 0.03 seconds
Refreshing native plugins compatible for Editor in 0.25 ms, found 2 plugins.
Preloading 0 native plugins for Editor in 0.00 ms.
Unloading 1391 Unused Serialized files (Serialized files now loaded: 0)
System memory in use before: 65.2 MB.
System memory in use after: 65.2 MB.

Unloading 19 unused Assets to reduce memory usage. Loaded Objects now: 1823.
Total: 1.443900 ms (FindLiveObjects: 0.116200 ms CreateObjectMapping: 0.036200 ms MarkObjects: 1.240100 ms  DeleteObjects: 0.050600 ms)

AssetImportParameters requested are different than current active one (requested -> active):
  custom:framework-win-MediaFoundation: 216162199b28c13a410421893ffa2e32 -> 
  custom:video-decoder-ogg-theora: a1e56fd34408186e4bbccfd4996cb3dc -> 
  custom:container-muxer-webm: aa71ff27fc2769a1b78a27578f13a17b -> 
  custom:container-demuxer-webm: 4f35f7cbe854078d1ac9338744f61a02 -> 
  custom:container-demuxer-ogg: 62fdf1f143b41e24485cea50d1cbac27 -> 
  custom:video-encoder-webm-vp8: eb34c28f22e8b96e1ab97ce403110664 -> 
  custom:video-decoder-webm-vp8: 9c59270c3fd7afecdb556c50c9e8de78 -> 
  custom:audio-decoder-ogg-vorbis: bf7c407c2cedff20999df2af8eb42d56 -> 
  custom:audio-encoder-webm-vorbis: bf7c407c2cedff20999df2af8eb42d56 -> 
========================================================================
Received Import Request.
  path: Assets/Scenes
  artifactKey: Guid(b55da7dd650e28e45b554d09f00d196c) Importer(815301076,1909f56bfc062723c751e8b465ee728b)
Start importing Assets/Scenes using Guid(b55da7dd650e28e45b554d09f00d196c) Importer(815301076,1909f56bfc062723c751e8b465ee728b)  -> (artifact id: '8851a0f75167227cd8d24671d796d784') in 0.004252 seconds 
  Import took 0.005779 seconds .

========================================================================
Received Import Request.
  Time since last request: 9.606438 seconds.
  path: Assets/Scenes/Game Scene.unity
  artifactKey: Guid(e22bd042ac5e91846beaeb0cf82823ff) Importer(815301076,1909f56bfc062723c751e8b465ee728b)
Start importing Assets/Scenes/Game Scene.unity using Guid(e22bd042ac5e91846beaeb0cf82823ff) Importer(815301076,1909f56bfc062723c751e8b465ee728b)  -> (artifact id: '03eb0107205a5bed33c9c90f83e1fdcc') in 0.007098 seconds 
  Import took 0.009075 seconds .

========================================================================
Received Import Request.
  Time since last request: 15.720792 seconds.
  path: Assets/Scenes/Title Screen Scene.unity
  artifactKey: Guid(304562fc583f59e4d95f39615210d8e3) Importer(815301076,1909f56bfc062723c751e8b465ee728b)
Start importing Assets/Scenes/Title Screen Scene.unity using Guid(304562fc583f59e4d95f39615210d8e3) Importer(815301076,1909f56bfc062723c751e8b465ee728b)  -> (artifact id: 'cb2985c9d0a1d090597a687a6920c10b') in 0.002148 seconds 
  Import took 0.004173 seconds .

========================================================================
Received Import Request.
  Time since last request: 1.318852 seconds.
  path: Assets/Scenes/SampleScene.unity
  artifactKey: Guid(9fc0d4010bbf28b4594072e72b8655ab) Importer(815301076,1909f56bfc062723c751e8b465ee728b)
Start importing Assets/Scenes/SampleScene.unity using Guid(9fc0d4010bbf28b4594072e72b8655ab) Importer(815301076,1909f56bfc062723c751e8b465ee728b)  -> (artifact id: '85059f4f9e1a832ed95adaa0d25c5c4c') in 0.002273 seconds 
  Import took 0.004464 seconds .

========================================================================
Received Import Request.
  Time since last request: 39.301802 seconds.
  path: Assets
  artifactKey: Guid(00000000000000001000000000000000) Importer(815301076,1909f56bfc062723c751e8b465ee728b)
Start importing Assets using Guid(00000000000000001000000000000000) Importer(815301076,1909f56bfc062723c751e8b465ee728b)  -> (artifact id: '42d402b061de3733987d63b9cc3b64de') in 0.001574 seconds 
  Import took 0.003452 seconds .

========================================================================
Received Import Request.
  Time since last request: 4.380967 seconds.
  path: Assets/Scripts
  artifactKey: Guid(dc89eaea83c71364eb912d5f87b54f80) Importer(815301076,1909f56bfc062723c751e8b465ee728b)
Start importing Assets/Scripts using Guid(dc89eaea83c71364eb912d5f87b54f80) Importer(815301076,1909f56bfc062723c751e8b465ee728b)  -> (artifact id: '9d438b36bc6f5bfacad840836a8ca9a2') in 0.001917 seconds 
  Import took 0.003777 seconds .

========================================================================
Received Import Request.
  Time since last request: 5.083831 seconds.
  path: Assets/Prefabs
  artifactKey: Guid(5c48513145f3be146bc15dda32797016) Importer(815301076,1909f56bfc062723c751e8b465ee728b)
Start importing Assets/Prefabs using Guid(5c48513145f3be146bc15dda32797016) Importer(815301076,1909f56bfc062723c751e8b465ee728b)  -> (artifact id: '756b755d44a20b19c77927da209dd811') in 0.001862 seconds 
  Import took 0.004187 seconds .

AssetImportWorkerClient::OnTransportError - code=2 error=End of file
